Using pre-set license
Built from 'trunk' branch; Version is '2021.2.0a8 (05e6d22b19f7) revision 386770'; Using compiler version '192829333'; Build Type 'Release'
OS: 'Windows 10 Pro; OS build 22000.376; Version 2009; 64bit' Language: 'ru' Physical Memory: 16291 MB
BatchMode: 1, IsHumanControllingUs: 0, StartBugReporterOnCrash: 0, Is64bit: 1, IsPro: 0

 COMMAND LINE ARGUMENTS:
C:\UnityEditors\2021.2.0a8\Editor\Unity.exe
-adb2
-batchMode
-noUpm
-name
AssetImportWorker0
-projectPath
C:/Unity Projects/BG Games Github/Unity5-ARG-Game-Android-master
-logFile
Logs/AssetImportWorker0.log
-srvPort
60723
Successfully changed project path to: C:/Unity Projects/BG Games Github/Unity5-ARG-Game-Android-master
C:/Unity Projects/BG Games Github/Unity5-ARG-Game-Android-master
Using Asset Import Pipeline V2.
Refreshing native plugins compatible for Editor in 56.67 ms, found 1 plugins.
Preloading 0 native plugins for Editor in 0.00 ms.
Initialize engine version: 2021.2.0a8 (05e6d22b19f7)
[Subsystems] Discovering subsystems at path C:/UnityEditors/2021.2.0a8/Editor/Data/Resources/UnitySubsystems
[Subsystems] Discovering subsystems at path C:/Unity Projects/BG Games Github/Unity5-ARG-Game-Android-master/Assets
GfxDevice: creating device client; threaded=0; jobified=0
Direct3D:
    Version:  Direct3D 11.0 [level 11.1]
    Renderer: NVIDIA GeForce RTX 2060 (ID=0x1f15)
    Vendor:   NVIDIA
    VRAM:     5980 MB
    Driver:   30.0.14.9613
Initialize mono
Mono path[0] = 'C:/UnityEditors/2021.2.0a8/Editor/Data/Managed'
Mono path[1] = 'C:/UnityEditors/2021.2.0a8/Editor/Data/MonoBleedingEdge/lib/mono/unityjit'
Mono config path = 'C:/UnityEditors/2021.2.0a8/Editor/Data/MonoBleedingEdge/etc'
Using monoOptions --debugger-agent=transport=dt_socket,embedding=1,server=y,suspend=n,address=127.0.0.1:56520
Begin MonoManager ReloadAssembly
Registering precompiled unity dll's ...
Register platform support module: C:/UnityEditors/2021.2.0a8/Editor/Data/PlaybackEngines/WindowsStandaloneSupport/UnityEditor.WindowsStandalone.Extensions.dll
Registered in 0.000811 seconds.
Native extension for WindowsStandalone target not found
Refreshing native plugins compatible for Editor in 60.66 ms, found 1 plugins.
Preloading 0 native plugins for Editor in 0.00 ms.
Mono: successfully reloaded assembly
- Completed reload, in  1.664 seconds
Platform modules already initialized, skipping
Registering precompiled user dll's ...
Registered in 0.002744 seconds.
Begin MonoManager ReloadAssembly
OnLevelWasLoaded was found on KeepAliveBehaviour
This message has been deprecated and will be removed in a later version of Unity.
Add a delegate to SceneManager.sceneLoaded instead to get notifications after scene loading has completed

OnLevelWasLoaded was found on WebCamBehaviour
This message has been deprecated and will be removed in a later version of Unity.
Add a delegate to SceneManager.sceneLoaded instead to get notifications after scene loading has completed

Native extension for WindowsStandalone target not found
Refreshing native plugins compatible for Editor in 0.53 ms, found 1 plugins.
Preloading 0 native plugins for Editor in 0.00 ms.
Mono: successfully reloaded assembly
- Completed reload, in  0.812 seconds
Platform modules already initialized, skipping
========================================================================
Worker process is ready to serve import requests
Launched and connected shader compiler UnityShaderCompiler.exe after 0.03 seconds
Refreshing native plugins compatible for Editor in 1.17 ms, found 1 plugins.
Preloading 0 native plugins for Editor in 0.00 ms.
Unloading 2751 Unused Serialized files (Serialized files now loaded: 0)
System memory in use before: 103.8 MB.
System memory in use after: 104.0 MB.

Unloading 35 unused Assets to reduce memory usage. Loaded Objects now: 3251.
Total: 1.799700 ms (FindLiveObjects: 0.204000 ms CreateObjectMapping: 0.097700 ms MarkObjects: 1.441600 ms  DeleteObjects: 0.055700 ms)

========================================================================
Received Import Request.
  path: Assets/Scripts
  artifactKey: Guid(3ac9b5dbbdd102d4ba57dffd9cb6bdb3) Importer(815301076,1909f56bfc062723c751e8b465ee728b)
Start importing Assets/Scripts using Guid(3ac9b5dbbdd102d4ba57dffd9cb6bdb3) Importer(815301076,1909f56bfc062723c751e8b465ee728b)  -> (artifact id: '0ce4040f3001f493b7b38577857974d2') in 0.005533 seconds 
========================================================================
Received Import Request.
  Time since last request: 0.000210 seconds.
  path: Assets/Scenes/InitialScene.unity
  artifactKey: Guid(fb90526c1114f624c9e3e9555e172da5) Importer(815301076,1909f56bfc062723c751e8b465ee728b)
Start importing Assets/Scenes/InitialScene.unity using Guid(fb90526c1114f624c9e3e9555e172da5) Importer(815301076,1909f56bfc062723c751e8b465ee728b)  -> (artifact id: 'e0f59c0641e495f6512e745c4503cf20') in 0.010902 seconds 
========================================================================
Received Import Request.
  Time since last request: 1032.159188 seconds.
  path: Assets/Scripts/Bullet.cs
  artifactKey: Guid(1531b301001927a499189e5dc81014fa) Importer(815301076,1909f56bfc062723c751e8b465ee728b)
Start importing Assets/Scripts/Bullet.cs using Guid(1531b301001927a499189e5dc81014fa) Importer(815301076,1909f56bfc062723c751e8b465ee728b)  -> (artifact id: 'db1d8344cd7050bca6e33ee646ab2425') in 0.013398 seconds 
========================================================================
Received Import Request.
  Time since last request: 0.776834 seconds.
  path: Assets/Scripts/fireTest.cs
  artifactKey: Guid(758c2243feb19214c8b9176ee09e67eb) Importer(815301076,1909f56bfc062723c751e8b465ee728b)
Start importing Assets/Scripts/fireTest.cs using Guid(758c2243feb19214c8b9176ee09e67eb) Importer(815301076,1909f56bfc062723c751e8b465ee728b)  -> (artifact id: '04a6c78b25f8a73ca1e97998b5eaef8a') in 0.001680 seconds 
========================================================================
Received Import Request.
  Time since last request: 1.228136 seconds.
  path: Assets/Scripts/LaserRay.cs
  artifactKey: Guid(fbb6f99bd4890d54b871e970b8b6cf51) Importer(815301076,1909f56bfc062723c751e8b465ee728b)
Start importing Assets/Scripts/LaserRay.cs using Guid(fbb6f99bd4890d54b871e970b8b6cf51) Importer(815301076,1909f56bfc062723c751e8b465ee728b)  -> (artifact id: 'e5f7abba896f2a392780988d07c990ec') in 0.001455 seconds 
========================================================================
Received Import Request.
  Time since last request: 0.861182 seconds.
  path: Assets/Scripts/GameSettings.cs
  artifactKey: Guid(7b7b8ba4e6827f345bdf418b40f316a7) Importer(815301076,1909f56bfc062723c751e8b465ee728b)
Start importing Assets/Scripts/GameSettings.cs using Guid(7b7b8ba4e6827f345bdf418b40f316a7) Importer(815301076,1909f56bfc062723c751e8b465ee728b)  -> (artifact id: '44dac740803a204f9a1b81e02be094cd') in 0.001293 seconds 
AssetImportWorkerClient::OnTransportError - code=2 error=End of file
